<?xml version="1.0" encoding="UTF-8" ?>
<testsuite tests="15" failures="0" name="RobotTest" time="0.044" errors="0" skipped="0">
  <properties>
    <property name="jansi.mode" value="force"/>
    <property name="java.runtime.name" value="Java(TM) SE Runtime Environment"/>
    <property name="java.vm.version" value="17.0.2+8-LTS-86"/>
    <property name="sun.boot.library.path" value="C:\Program Files\Java\jdk-17.0.2\bin"/>
    <property name="maven.multiModuleProjectDirectory" value="C:\Users\Gampa Sasidhar\eclipse-workspace\Coen6761_Project"/>
    <property name="java.vm.vendor" value="Oracle Corporation"/>
    <property name="java.vendor.url" value="https://java.oracle.com/"/>
    <property name="guice.disable.misplaced.annotation.check" value="true"/>
    <property name="path.separator" value=";"/>
    <property name="java.vm.name" value="Java HotSpot(TM) 64-Bit Server VM"/>
    <property name="sun.os.patch.level" value=""/>
    <property name="user.script" value=""/>
    <property name="user.country" value="IN"/>
    <property name="sun.java.launcher" value="SUN_STANDARD"/>
    <property name="java.vm.specification.name" value="Java Virtual Machine Specification"/>
    <property name="user.dir" value="C:\Users\Gampa Sasidhar\eclipse-workspace\Coen6761_Project"/>
    <property name="java.vm.compressedOopsMode" value="32-bit"/>
    <property name="java.runtime.version" value="17.0.2+8-LTS-86"/>
    <property name="os.arch" value="amd64"/>
    <property name="java.io.tmpdir" value="C:\Users\GAMPAS~1\AppData\Local\Temp\"/>
    <property name="line.separator" value="
"/>
    <property name="java.vm.specification.vendor" value="Oracle Corporation"/>
    <property name="user.variant" value=""/>
    <property name="os.name" value="Windows 11"/>
    <property name="classworlds.conf" value="C:\Users\Gampa Sasidhar\eclipse-workspace\.metadata\.plugins\org.eclipse.m2e.launching\launches\m2conf260581246464552979.tmp"/>
    <property name="sun.jnu.encoding" value="Cp1252"/>
    <property name="java.library.path" value="C:\Program Files\Java\jdk-17.0.2\bin;C:\WINDOWS\Sun\Java\bin;C:\WINDOWS\system32;C:\WINDOWS;C:\Program Files\Common Files\Oracle\Java\javapath;C:\WINDOWS\system32;C:\WINDOWS;C:\WINDOWS\System32\Wbem;C:\WINDOWS\System32\WindowsPowerShell\v1.0\;C:\WINDOWS\System32\OpenSSH\;C:\MinGW\bin;C:\Program Files\Java\jdk-17.0.2\bin;C:\Program Files\nodejs;C:\Program Files\nodejs\;C:\Program Files\MongoDB\Server\5.0\bin;C:\Program Files\OpenSSL-Win64\bin;C:\Python310\Scripts\;C:\Python310\;C:\Users\Gampa Sasidhar\AppData\Local\Programs\Microsoft VS Code\bin;C:\Users\Gampa Sasidhar\AppData\Local\Microsoft\WindowsApps;C:\Users\Gampa Sasidhar\AppData\Roaming\npm;C:\Users\Gampa Sasidhar\AppData\Local\GitHubDesktop\bin;;."/>
    <property name="jdk.debug" value="release"/>
    <property name="java.class.version" value="61.0"/>
    <property name="java.specification.name" value="Java Platform API Specification"/>
    <property name="sun.management.compiler" value="HotSpot 64-Bit Tiered Compilers"/>
    <property name="os.version" value="10.0"/>
    <property name="user.home" value="C:\Users\Gampa Sasidhar"/>
    <property name="user.timezone" value="America/New_York"/>
    <property name="file.encoding" value="UTF-8"/>
    <property name="java.specification.version" value="17"/>
    <property name="user.name" value="Gampa Sasidhar"/>
    <property name="java.class.path" value="C:\Users\Gampa Sasidhar\.p2\pool\plugins\org.eclipse.m2e.maven.runtime_3.8.604.20221130-2149\jars\plexus-classworlds-2.6.0.jar"/>
    <property name="java.vm.specification.version" value="17"/>
    <property name="sun.arch.data.model" value="64"/>
    <property name="sun.java.command" value="org.codehaus.plexus.classworlds.launcher.Launcher -B -Dstyle.color=always clean install"/>
    <property name="java.home" value="C:\Program Files\Java\jdk-17.0.2"/>
    <property name="user.language" value="en"/>
    <property name="java.specification.vendor" value="Oracle Corporation"/>
    <property name="java.vm.info" value="mixed mode, sharing"/>
    <property name="java.version" value="17.0.2"/>
    <property name="native.encoding" value="Cp1252"/>
    <property name="java.vendor" value="Oracle Corporation"/>
    <property name="maven.home" value="C:\Users\Gampa Sasidhar\eclipse-workspace\Coen6761_Project\EMBEDDED"/>
    <property name="style.color" value="always"/>
    <property name="file.separator" value="\"/>
    <property name="java.version.date" value="2022-01-18"/>
    <property name="java.vendor.url.bug" value="https://bugreport.java.com/bugreport/"/>
    <property name="sun.io.unicode.encoding" value="UnicodeLittle"/>
    <property name="sun.cpu.endian" value="little"/>
    <property name="m2e.build.project.data.socket.port" value="62051"/>
    <property name="sun.cpu.isalist" value="amd64"/>
  </properties>
  <testcase classname="RobotTest" name="testleftturn" time="0.017"/>
  <testcase classname="RobotTest" name="testcommandarguments" time="0"/>
  <testcase classname="RobotTest" name="testPenUp" time="0.001"/>
  <testcase classname="RobotTest" name="testMove" time="0.002"/>
  <testcase classname="RobotTest" name="testPenDown" time="0.003"/>
  <testcase classname="RobotTest" name="testmoveoutsidefloor" time="0"/>
  <testcase classname="RobotTest" name="testPrintFloor" time="0.005"/>
  <testcase classname="RobotTest" name="testInitialize" time="0.001"/>
  <testcase classname="RobotTest" name="testcommandcase" time="0"/>
  <testcase classname="RobotTest" name="testdonotmove" time="0.001"/>
  <testcase classname="RobotTest" name="testCurrentstatus" time="0.012"/>
  <testcase classname="RobotTest" name="testinputcommand" time="0.001"/>
  <testcase classname="RobotTest" name="testdefaultparameters" time="0"/>
  <testcase classname="RobotTest" name="testrightturn" time="0.001"/>
  <testcase classname="RobotTest" name="testterminataion" time="0"/>
</testsuite>